<?xml version="1.0" encoding="UTF-8"?>
<!-- Generated by org.testng.reporters.JUnitXMLReporter -->
<testsuite ignored="0" hostname="NANDINI" failures="1" tests="2" name="Test" time="107.157" errors="0" timestamp="2024-08-14T11:03:05 IST">
  <testcase classname="testCases.TC001_AccountRegistrationTest" name="verify_account_registration" time="6.398"/>
  <testcase classname="testCases.TC_002_LoginTest" name="verify_login" time="11.11">
    <failure type="java.lang.AssertionError" message="expected [true] but found [false]">
      <![CDATA[java.lang.AssertionError: expected [true] but found [false]
at testCases.TC_002_LoginTest.verify_login(TC_002_LoginTest.java:35)
at java.base/java.util.ArrayList.forEach(ArrayList.java:1597)
... Removed 29 stack frames]]>
    </failure>
  </testcase> <!-- verify_login -->
</testsuite> <!-- Test -->
